{"/Users/doronnahum/myProjects/packages/feathers-mongoose-casl-pacakge/lib/src/utils/pick.js":{"path":"/Users/doronnahum/myProjects/packages/feathers-mongoose-casl-pacakge/lib/src/utils/pick.js","s":{"1":1,"2":1,"3":1,"4":1,"5":1,"6":2,"7":2,"8":1,"9":15,"10":15,"11":15,"12":15,"13":15,"14":15,"15":15,"16":15,"17":3,"18":15,"19":15,"20":1,"21":1,"22":1,"23":14,"24":1,"25":1,"26":1,"27":0,"28":1,"29":13,"30":2,"31":2,"32":2,"33":2,"34":0,"35":2,"36":11,"37":15,"38":1,"39":15,"40":15,"41":15,"42":15,"43":15,"44":3,"45":15,"46":8,"47":15,"48":1,"49":1,"50":15,"51":0,"52":0,"53":15,"54":3,"55":3,"56":3,"57":3,"58":9,"59":15,"60":1},"b":{"1":[15,0],"2":[3,12],"3":[1,14],"4":[1,13],"5":[14,3],"6":[1,0],"7":[2,11],"8":[1,1],"9":[2,0],"10":[15,12],"11":[3,12],"12":[8,7],"13":[1,14],"14":[0,1],"15":[0,15],"16":[0,0],"17":[0,0],"18":[3,12],"19":[3,0],"20":[9,0],"21":[9,9]},"f":{"1":2,"2":15,"3":15},"fnMap":{"1":{"name":"(anonymous_1)","line":26,"loc":{"start":{"line":26,"column":12},"end":{"line":26,"column":40}}},"2":{"name":"(anonymous_2)","line":31,"loc":{"start":{"line":31,"column":20},"end":{"line":31,"column":63}}},"3":{"name":"(anonymous_3)","line":110,"loc":{"start":{"line":110,"column":13},"end":{"line":110,"column":89}}}},"statementMap":{"1":{"start":{"line":1,"column":0},"end":{"line":1,"column":37}},"2":{"start":{"line":2,"column":0},"end":{"line":2,"column":46}},"3":{"start":{"line":3,"column":0},"end":{"line":3,"column":37}},"4":{"start":{"line":4,"column":0},"end":{"line":4,"column":37}},"5":{"start":{"line":26,"column":0},"end":{"line":29,"column":2}},"6":{"start":{"line":27,"column":2},"end":{"line":27,"column":33}},"7":{"start":{"line":28,"column":2},"end":{"line":28,"column":21}},"8":{"start":{"line":31,"column":0},"end":{"line":78,"column":2}},"9":{"start":{"line":32,"column":2},"end":{"line":32,"column":22}},"10":{"start":{"line":33,"column":2},"end":{"line":33,"column":38}},"11":{"start":{"line":34,"column":2},"end":{"line":34,"column":24}},"12":{"start":{"line":35,"column":2},"end":{"line":35,"column":31}},"13":{"start":{"line":36,"column":2},"end":{"line":36,"column":23}},"14":{"start":{"line":37,"column":2},"end":{"line":70,"column":3}},"15":{"start":{"line":38,"column":4},"end":{"line":69,"column":7}},"16":{"start":{"line":39,"column":6},"end":{"line":41,"column":7}},"17":{"start":{"line":40,"column":8},"end":{"line":40,"column":24}},"18":{"start":{"line":42,"column":6},"end":{"line":42,"column":42}},"19":{"start":{"line":43,"column":6},"end":{"line":47,"column":7}},"20":{"start":{"line":44,"column":8},"end":{"line":44,"column":42}},"21":{"start":{"line":45,"column":8},"end":{"line":45,"column":33}},"22":{"start":{"line":46,"column":8},"end":{"line":46,"column":15}},"23":{"start":{"line":48,"column":6},"end":{"line":56,"column":7}},"24":{"start":{"line":49,"column":8},"end":{"line":49,"column":72}},"25":{"start":{"line":50,"column":8},"end":{"line":54,"column":9}},"26":{"start":{"line":51,"column":10},"end":{"line":51,"column":47}},"27":{"start":{"line":53,"column":10},"end":{"line":53,"column":40}},"28":{"start":{"line":55,"column":8},"end":{"line":55,"column":15}},"29":{"start":{"line":57,"column":6},"end":{"line":67,"column":7}},"30":{"start":{"line":58,"column":8},"end":{"line":58,"column":49}},"31":{"start":{"line":59,"column":8},"end":{"line":59,"column":101}},"32":{"start":{"line":60,"column":8},"end":{"line":64,"column":9}},"33":{"start":{"line":61,"column":10},"end":{"line":61,"column":47}},"34":{"start":{"line":63,"column":10},"end":{"line":63,"column":40}},"35":{"start":{"line":66,"column":8},"end":{"line":66,"column":15}},"36":{"start":{"line":68,"column":6},"end":{"line":68,"column":27}},"37":{"start":{"line":71,"column":2},"end":{"line":77,"column":4}},"38":{"start":{"line":110,"column":0},"end":{"line":147,"column":2}},"39":{"start":{"line":111,"column":2},"end":{"line":111,"column":32}},"40":{"start":{"line":112,"column":2},"end":{"line":112,"column":18}},"41":{"start":{"line":113,"column":2},"end":{"line":119,"column":51}},"42":{"start":{"line":121,"column":2},"end":{"line":121,"column":81}},"43":{"start":{"line":122,"column":2},"end":{"line":124,"column":3}},"44":{"start":{"line":123,"column":4},"end":{"line":123,"column":18}},"45":{"start":{"line":125,"column":2},"end":{"line":127,"column":3}},"46":{"start":{"line":126,"column":4},"end":{"line":126,"column":35}},"47":{"start":{"line":128,"column":2},"end":{"line":131,"column":3}},"48":{"start":{"line":129,"column":4},"end":{"line":129,"column":49}},"49":{"start":{"line":130,"column":4},"end":{"line":130,"column":36}},"50":{"start":{"line":132,"column":2},"end":{"line":136,"column":3}},"51":{"start":{"line":133,"column":4},"end":{"line":135,"column":7}},"52":{"start":{"line":134,"column":6},"end":{"line":134,"column":108}},"53":{"start":{"line":137,"column":2},"end":{"line":144,"column":3}},"54":{"start":{"line":138,"column":4},"end":{"line":143,"column":7}},"55":{"start":{"line":139,"column":6},"end":{"line":139,"column":31}},"56":{"start":{"line":140,"column":6},"end":{"line":142,"column":7}},"57":{"start":{"line":141,"column":8},"end":{"line":141,"column":105}},"58":{"start":{"line":141,"column":41},"end":{"line":141,"column":103}},"59":{"start":{"line":146,"column":2},"end":{"line":146,"column":16}},"60":{"start":{"line":149,"column":0},"end":{"line":149,"column":22}}},"branchMap":{"1":{"line":37,"type":"if","locations":[{"start":{"line":37,"column":2},"end":{"line":37,"column":2}},{"start":{"line":37,"column":2},"end":{"line":37,"column":2}}]},"2":{"line":39,"type":"if","locations":[{"start":{"line":39,"column":6},"end":{"line":39,"column":6}},{"start":{"line":39,"column":6},"end":{"line":39,"column":6}}]},"3":{"line":43,"type":"if","locations":[{"start":{"line":43,"column":6},"end":{"line":43,"column":6}},{"start":{"line":43,"column":6},"end":{"line":43,"column":6}}]},"4":{"line":48,"type":"if","locations":[{"start":{"line":48,"column":6},"end":{"line":48,"column":6}},{"start":{"line":48,"column":6},"end":{"line":48,"column":6}}]},"5":{"line":48,"type":"binary-expr","locations":[{"start":{"line":48,"column":10},"end":{"line":48,"column":20}},{"start":{"line":48,"column":24},"end":{"line":48,"column":35}}]},"6":{"line":50,"type":"if","locations":[{"start":{"line":50,"column":8},"end":{"line":50,"column":8}},{"start":{"line":50,"column":8},"end":{"line":50,"column":8}}]},"7":{"line":57,"type":"if","locations":[{"start":{"line":57,"column":6},"end":{"line":57,"column":6}},{"start":{"line":57,"column":6},"end":{"line":57,"column":6}}]},"8":{"line":59,"type":"cond-expr","locations":[{"start":{"line":59,"column":70},"end":{"line":59,"column":80}},{"start":{"line":59,"column":83},"end":{"line":59,"column":98}}]},"9":{"line":60,"type":"if","locations":[{"start":{"line":60,"column":8},"end":{"line":60,"column":8}},{"start":{"line":60,"column":8},"end":{"line":60,"column":8}}]},"10":{"line":121,"type":"binary-expr","locations":[{"start":{"line":121,"column":27},"end":{"line":121,"column":36}},{"start":{"line":121,"column":40},"end":{"line":121,"column":80}}]},"11":{"line":122,"type":"if","locations":[{"start":{"line":122,"column":2},"end":{"line":122,"column":2}},{"start":{"line":122,"column":2},"end":{"line":122,"column":2}}]},"12":{"line":125,"type":"if","locations":[{"start":{"line":125,"column":2},"end":{"line":125,"column":2}},{"start":{"line":125,"column":2},"end":{"line":125,"column":2}}]},"13":{"line":128,"type":"if","locations":[{"start":{"line":128,"column":2},"end":{"line":128,"column":2}},{"start":{"line":128,"column":2},"end":{"line":128,"column":2}}]},"14":{"line":129,"type":"cond-expr","locations":[{"start":{"line":129,"column":35},"end":{"line":129,"column":41}},{"start":{"line":129,"column":44},"end":{"line":129,"column":48}}]},"15":{"line":132,"type":"if","locations":[{"start":{"line":132,"column":2},"end":{"line":132,"column":2}},{"start":{"line":132,"column":2},"end":{"line":132,"column":2}}]},"16":{"line":134,"type":"cond-expr","locations":[{"start":{"line":134,"column":70},"end":{"line":134,"column":94}},{"start":{"line":134,"column":97},"end":{"line":134,"column":107}}]},"17":{"line":134,"type":"binary-expr","locations":[{"start":{"line":134,"column":22},"end":{"line":134,"column":32}},{"start":{"line":134,"column":36},"end":{"line":134,"column":66}}]},"18":{"line":137,"type":"if","locations":[{"start":{"line":137,"column":2},"end":{"line":137,"column":2}},{"start":{"line":137,"column":2},"end":{"line":137,"column":2}}]},"19":{"line":140,"type":"if","locations":[{"start":{"line":140,"column":6},"end":{"line":140,"column":6}},{"start":{"line":140,"column":6},"end":{"line":140,"column":6}}]},"20":{"line":141,"type":"cond-expr","locations":[{"start":{"line":141,"column":78},"end":{"line":141,"column":96}},{"start":{"line":141,"column":99},"end":{"line":141,"column":103}}]},"21":{"line":141,"type":"binary-expr","locations":[{"start":{"line":141,"column":42},"end":{"line":141,"column":46}},{"start":{"line":141,"column":50},"end":{"line":141,"column":74}}]}}}}