{"/Users/doronnahum/myProjects/packages/feathers-mongoose-casl-pacakge/lib/src/utils/pick.js":{"path":"/Users/doronnahum/myProjects/packages/feathers-mongoose-casl-pacakge/lib/src/utils/pick.js","s":{"1":1,"2":1,"3":1,"4":1,"5":1,"6":0,"7":0,"8":1,"9":7,"10":7,"11":7,"12":7,"13":7,"14":7,"15":7,"16":7,"17":0,"18":7,"19":7,"20":1,"21":1,"22":1,"23":6,"24":1,"25":1,"26":1,"27":0,"28":1,"29":5,"30":0,"31":0,"32":0,"33":0,"34":0,"35":0,"36":5,"37":7,"38":1,"39":7,"40":7,"41":7,"42":7,"43":7,"44":0,"45":7,"46":5,"47":7,"48":1,"49":1,"50":7,"51":0,"52":0,"53":7,"54":1,"55":1,"56":1,"57":1,"58":3,"59":7,"60":1},"b":{"1":[7,0],"2":[0,7],"3":[1,6],"4":[1,5],"5":[6,1],"6":[1,0],"7":[0,5],"8":[0,0],"9":[0,0],"10":[7,7],"11":[0,7],"12":[5,2],"13":[1,6],"14":[0,1],"15":[0,7],"16":[0,0],"17":[0,0],"18":[1,6],"19":[1,0],"20":[3,0],"21":[3,3]},"f":{"1":0,"2":7,"3":7},"fnMap":{"1":{"name":"(anonymous_1)","line":26,"loc":{"start":{"line":26,"column":12},"end":{"line":26,"column":40}}},"2":{"name":"(anonymous_2)","line":31,"loc":{"start":{"line":31,"column":20},"end":{"line":31,"column":63}}},"3":{"name":"(anonymous_3)","line":109,"loc":{"start":{"line":109,"column":13},"end":{"line":109,"column":89}}}},"statementMap":{"1":{"start":{"line":1,"column":0},"end":{"line":1,"column":37}},"2":{"start":{"line":2,"column":0},"end":{"line":2,"column":46}},"3":{"start":{"line":3,"column":0},"end":{"line":3,"column":37}},"4":{"start":{"line":4,"column":0},"end":{"line":4,"column":37}},"5":{"start":{"line":26,"column":0},"end":{"line":29,"column":2}},"6":{"start":{"line":27,"column":2},"end":{"line":27,"column":33}},"7":{"start":{"line":28,"column":2},"end":{"line":28,"column":21}},"8":{"start":{"line":31,"column":0},"end":{"line":78,"column":2}},"9":{"start":{"line":32,"column":2},"end":{"line":32,"column":22}},"10":{"start":{"line":33,"column":2},"end":{"line":33,"column":38}},"11":{"start":{"line":34,"column":2},"end":{"line":34,"column":24}},"12":{"start":{"line":35,"column":2},"end":{"line":35,"column":31}},"13":{"start":{"line":36,"column":2},"end":{"line":36,"column":23}},"14":{"start":{"line":37,"column":2},"end":{"line":70,"column":3}},"15":{"start":{"line":38,"column":4},"end":{"line":69,"column":7}},"16":{"start":{"line":39,"column":6},"end":{"line":41,"column":7}},"17":{"start":{"line":40,"column":8},"end":{"line":40,"column":24}},"18":{"start":{"line":42,"column":6},"end":{"line":42,"column":42}},"19":{"start":{"line":43,"column":6},"end":{"line":47,"column":7}},"20":{"start":{"line":44,"column":8},"end":{"line":44,"column":42}},"21":{"start":{"line":45,"column":8},"end":{"line":45,"column":33}},"22":{"start":{"line":46,"column":8},"end":{"line":46,"column":15}},"23":{"start":{"line":48,"column":6},"end":{"line":56,"column":7}},"24":{"start":{"line":49,"column":8},"end":{"line":49,"column":72}},"25":{"start":{"line":50,"column":8},"end":{"line":54,"column":9}},"26":{"start":{"line":51,"column":10},"end":{"line":51,"column":47}},"27":{"start":{"line":53,"column":10},"end":{"line":53,"column":40}},"28":{"start":{"line":55,"column":8},"end":{"line":55,"column":15}},"29":{"start":{"line":57,"column":6},"end":{"line":67,"column":7}},"30":{"start":{"line":58,"column":8},"end":{"line":58,"column":49}},"31":{"start":{"line":59,"column":8},"end":{"line":59,"column":101}},"32":{"start":{"line":60,"column":8},"end":{"line":64,"column":9}},"33":{"start":{"line":61,"column":10},"end":{"line":61,"column":47}},"34":{"start":{"line":63,"column":10},"end":{"line":63,"column":40}},"35":{"start":{"line":66,"column":8},"end":{"line":66,"column":15}},"36":{"start":{"line":68,"column":6},"end":{"line":68,"column":27}},"37":{"start":{"line":71,"column":2},"end":{"line":77,"column":4}},"38":{"start":{"line":109,"column":0},"end":{"line":146,"column":2}},"39":{"start":{"line":110,"column":2},"end":{"line":110,"column":32}},"40":{"start":{"line":111,"column":2},"end":{"line":111,"column":18}},"41":{"start":{"line":112,"column":2},"end":{"line":118,"column":51}},"42":{"start":{"line":120,"column":2},"end":{"line":120,"column":81}},"43":{"start":{"line":121,"column":2},"end":{"line":123,"column":3}},"44":{"start":{"line":122,"column":4},"end":{"line":122,"column":18}},"45":{"start":{"line":124,"column":2},"end":{"line":126,"column":3}},"46":{"start":{"line":125,"column":4},"end":{"line":125,"column":35}},"47":{"start":{"line":127,"column":2},"end":{"line":130,"column":3}},"48":{"start":{"line":128,"column":4},"end":{"line":128,"column":49}},"49":{"start":{"line":129,"column":4},"end":{"line":129,"column":36}},"50":{"start":{"line":131,"column":2},"end":{"line":135,"column":3}},"51":{"start":{"line":132,"column":4},"end":{"line":134,"column":7}},"52":{"start":{"line":133,"column":6},"end":{"line":133,"column":108}},"53":{"start":{"line":136,"column":2},"end":{"line":143,"column":3}},"54":{"start":{"line":137,"column":4},"end":{"line":142,"column":7}},"55":{"start":{"line":138,"column":6},"end":{"line":138,"column":31}},"56":{"start":{"line":139,"column":6},"end":{"line":141,"column":7}},"57":{"start":{"line":140,"column":8},"end":{"line":140,"column":105}},"58":{"start":{"line":140,"column":41},"end":{"line":140,"column":103}},"59":{"start":{"line":145,"column":2},"end":{"line":145,"column":16}},"60":{"start":{"line":148,"column":0},"end":{"line":148,"column":22}}},"branchMap":{"1":{"line":37,"type":"if","locations":[{"start":{"line":37,"column":2},"end":{"line":37,"column":2}},{"start":{"line":37,"column":2},"end":{"line":37,"column":2}}]},"2":{"line":39,"type":"if","locations":[{"start":{"line":39,"column":6},"end":{"line":39,"column":6}},{"start":{"line":39,"column":6},"end":{"line":39,"column":6}}]},"3":{"line":43,"type":"if","locations":[{"start":{"line":43,"column":6},"end":{"line":43,"column":6}},{"start":{"line":43,"column":6},"end":{"line":43,"column":6}}]},"4":{"line":48,"type":"if","locations":[{"start":{"line":48,"column":6},"end":{"line":48,"column":6}},{"start":{"line":48,"column":6},"end":{"line":48,"column":6}}]},"5":{"line":48,"type":"binary-expr","locations":[{"start":{"line":48,"column":10},"end":{"line":48,"column":20}},{"start":{"line":48,"column":24},"end":{"line":48,"column":35}}]},"6":{"line":50,"type":"if","locations":[{"start":{"line":50,"column":8},"end":{"line":50,"column":8}},{"start":{"line":50,"column":8},"end":{"line":50,"column":8}}]},"7":{"line":57,"type":"if","locations":[{"start":{"line":57,"column":6},"end":{"line":57,"column":6}},{"start":{"line":57,"column":6},"end":{"line":57,"column":6}}]},"8":{"line":59,"type":"cond-expr","locations":[{"start":{"line":59,"column":70},"end":{"line":59,"column":80}},{"start":{"line":59,"column":83},"end":{"line":59,"column":98}}]},"9":{"line":60,"type":"if","locations":[{"start":{"line":60,"column":8},"end":{"line":60,"column":8}},{"start":{"line":60,"column":8},"end":{"line":60,"column":8}}]},"10":{"line":120,"type":"binary-expr","locations":[{"start":{"line":120,"column":27},"end":{"line":120,"column":36}},{"start":{"line":120,"column":40},"end":{"line":120,"column":80}}]},"11":{"line":121,"type":"if","locations":[{"start":{"line":121,"column":2},"end":{"line":121,"column":2}},{"start":{"line":121,"column":2},"end":{"line":121,"column":2}}]},"12":{"line":124,"type":"if","locations":[{"start":{"line":124,"column":2},"end":{"line":124,"column":2}},{"start":{"line":124,"column":2},"end":{"line":124,"column":2}}]},"13":{"line":127,"type":"if","locations":[{"start":{"line":127,"column":2},"end":{"line":127,"column":2}},{"start":{"line":127,"column":2},"end":{"line":127,"column":2}}]},"14":{"line":128,"type":"cond-expr","locations":[{"start":{"line":128,"column":35},"end":{"line":128,"column":41}},{"start":{"line":128,"column":44},"end":{"line":128,"column":48}}]},"15":{"line":131,"type":"if","locations":[{"start":{"line":131,"column":2},"end":{"line":131,"column":2}},{"start":{"line":131,"column":2},"end":{"line":131,"column":2}}]},"16":{"line":133,"type":"cond-expr","locations":[{"start":{"line":133,"column":70},"end":{"line":133,"column":94}},{"start":{"line":133,"column":97},"end":{"line":133,"column":107}}]},"17":{"line":133,"type":"binary-expr","locations":[{"start":{"line":133,"column":22},"end":{"line":133,"column":32}},{"start":{"line":133,"column":36},"end":{"line":133,"column":66}}]},"18":{"line":136,"type":"if","locations":[{"start":{"line":136,"column":2},"end":{"line":136,"column":2}},{"start":{"line":136,"column":2},"end":{"line":136,"column":2}}]},"19":{"line":139,"type":"if","locations":[{"start":{"line":139,"column":6},"end":{"line":139,"column":6}},{"start":{"line":139,"column":6},"end":{"line":139,"column":6}}]},"20":{"line":140,"type":"cond-expr","locations":[{"start":{"line":140,"column":78},"end":{"line":140,"column":96}},{"start":{"line":140,"column":99},"end":{"line":140,"column":103}}]},"21":{"line":140,"type":"binary-expr","locations":[{"start":{"line":140,"column":42},"end":{"line":140,"column":46}},{"start":{"line":140,"column":50},"end":{"line":140,"column":74}}]}}}}