TN:
SF:/Users/doronnahum/myProjects/packages/feathers-mongoose-casl-pacakge/lib/src/utils/pick.js
FN:26,(anonymous_1)
FN:31,(anonymous_2)
FN:109,(anonymous_3)
FNF:3
FNH:2
FNDA:0,(anonymous_1)
FNDA:7,(anonymous_2)
FNDA:7,(anonymous_3)
DA:1,1
DA:2,1
DA:3,1
DA:4,1
DA:26,1
DA:27,0
DA:28,0
DA:31,1
DA:32,7
DA:33,7
DA:34,7
DA:35,7
DA:36,7
DA:37,7
DA:38,7
DA:39,7
DA:40,0
DA:42,7
DA:43,7
DA:44,1
DA:45,1
DA:46,1
DA:48,6
DA:49,1
DA:50,1
DA:51,1
DA:53,0
DA:55,1
DA:57,5
DA:58,0
DA:59,0
DA:60,0
DA:61,0
DA:63,0
DA:66,0
DA:68,5
DA:71,7
DA:109,1
DA:110,7
DA:111,7
DA:112,7
DA:120,7
DA:121,7
DA:122,0
DA:124,7
DA:125,5
DA:127,7
DA:128,1
DA:129,1
DA:131,7
DA:132,0
DA:133,0
DA:136,7
DA:137,1
DA:138,1
DA:139,1
DA:140,3
DA:145,7
DA:148,1
LF:59
LH:46
BRDA:37,1,0,7
BRDA:37,1,1,0
BRDA:39,2,0,0
BRDA:39,2,1,7
BRDA:43,3,0,1
BRDA:43,3,1,6
BRDA:48,4,0,1
BRDA:48,4,1,5
BRDA:48,5,0,6
BRDA:48,5,1,1
BRDA:50,6,0,1
BRDA:50,6,1,0
BRDA:57,7,0,0
BRDA:57,7,1,5
BRDA:59,8,0,0
BRDA:59,8,1,0
BRDA:60,9,0,0
BRDA:60,9,1,0
BRDA:120,10,0,7
BRDA:120,10,1,7
BRDA:121,11,0,0
BRDA:121,11,1,7
BRDA:124,12,0,5
BRDA:124,12,1,2
BRDA:127,13,0,1
BRDA:127,13,1,6
BRDA:128,14,0,0
BRDA:128,14,1,1
BRDA:131,15,0,0
BRDA:131,15,1,7
BRDA:133,16,0,0
BRDA:133,16,1,0
BRDA:133,17,0,0
BRDA:133,17,1,0
BRDA:136,18,0,1
BRDA:136,18,1,6
BRDA:139,19,0,1
BRDA:139,19,1,0
BRDA:140,20,0,3
BRDA:140,20,1,0
BRDA:140,21,0,3
BRDA:140,21,1,3
BRF:42
BRH:25
end_of_record
