TN:
SF:/Users/doronnahum/myProjects/packages/feathers-mongoose-casl-pacakge/example/src/app.js
FNF:0
FNH:0
DA:1,1
DA:2,1
DA:3,1
DA:4,1
DA:5,1
DA:6,1
DA:8,1
DA:9,1
DA:10,1
DA:11,1
DA:13,1
DA:14,1
DA:15,1
DA:16,1
DA:18,1
DA:19,1
DA:20,1
DA:21,1
DA:23,1
DA:25,1
DA:26,1
DA:27,1
DA:28,1
DA:30,1
DA:31,1
DA:42,1
DA:44,1
DA:45,1
DA:46,1
DA:47,1
DA:48,1
DA:49,1
DA:51,0
DA:54,0
DA:55,0
DA:57,0
DA:60,0
DA:61,0
DA:63,0
DA:65,0
DA:68,0
DA:69,0
DA:71,0
DA:73,0
LF:44
LH:32
BRDA:30,1,0,1
BRDA:30,1,1,0
BRF:2
BRH:1
end_of_record
TN:
SF:/Users/doronnahum/myProjects/packages/feathers-mongoose-casl-pacakge/example/src/logger.js
FNF:0
FNH:0
DA:1,1
DA:4,1
DA:16,1
LF:3
LH:3
BRF:0
BRH:0
end_of_record
TN:
SF:/Users/doronnahum/myProjects/packages/feathers-mongoose-casl-pacakge/lib/index.js
FN:15,(anonymous_1)
FNF:1
FNH:0
FNDA:0,(anonymous_1)
DA:2,1
DA:16,0
DA:17,0
DA:18,0
DA:19,0
DA:20,0
DA:21,0
DA:22,0
DA:23,0
DA:24,0
DA:25,0
DA:28,1
LF:12
LH:2
BRF:0
BRH:0
end_of_record
TN:
SF:/Users/doronnahum/myProjects/packages/feathers-mongoose-casl-pacakge/lib/src/services/user-abilities/user-abilities.service.js
FN:7,(anonymous_1)
FNF:1
FNH:0
FNDA:0,(anonymous_1)
DA:3,1
DA:4,1
DA:5,1
DA:7,1
DA:8,0
DA:12,0
DA:13,0
DA:14,0
DA:16,0
DA:20,0
DA:25,0
DA:26,0
DA:28,0
LF:13
LH:4
BRDA:13,1,0,0
BRDA:13,1,1,0
BRF:2
BRH:0
end_of_record
TN:
SF:/Users/doronnahum/myProjects/packages/feathers-mongoose-casl-pacakge/lib/src/utils/joi2json.js
FN:15,(anonymous_1)
FN:211,convert
FNF:2
FNH:0
FNDA:0,(anonymous_1)
FNDA:0,convert
DA:6,1
DA:10,1
DA:13,0
DA:15,0
DA:16,0
DA:17,0
DA:20,0
DA:21,0
DA:23,0
DA:24,0
DA:27,0
DA:28,0
DA:31,0
DA:32,0
DA:35,0
DA:39,0
DA:40,0
DA:41,0
DA:44,0
DA:45,0
DA:46,0
DA:50,0
DA:58,0
DA:62,0
DA:64,0
DA:65,0
DA:67,0
DA:68,0
DA:70,0
DA:71,0
DA:73,0
DA:74,0
DA:76,0
DA:77,0
DA:81,0
DA:82,0
DA:83,0
DA:86,0
DA:87,0
DA:88,0
DA:89,0
DA:90,0
DA:93,0
DA:94,0
DA:95,0
DA:99,0
DA:103,0
DA:104,0
DA:108,0
DA:109,0
DA:110,0
DA:112,0
DA:113,0
DA:115,0
DA:116,0
DA:117,0
DA:119,0
DA:120,0
DA:121,0
DA:123,0
DA:124,0
DA:126,0
DA:127,0
DA:130,0
DA:134,0
DA:136,0
DA:137,0
DA:139,0
DA:140,0
DA:144,0
DA:155,0
DA:156,0
DA:157,0
DA:159,0
DA:160,0
DA:162,0
DA:163,0
DA:165,0
DA:166,0
DA:168,0
DA:169,0
DA:173,0
DA:177,0
DA:178,0
DA:179,0
DA:180,0
DA:181,0
DA:184,0
DA:185,0
DA:188,0
DA:189,0
DA:190,0
DA:191,0
DA:192,0
DA:193,0
DA:194,0
DA:199,0
DA:211,1
DA:212,0
DA:214,0
DA:216,0
DA:217,0
DA:220,0
DA:221,0
DA:225,0
DA:228,0
DA:229,0
DA:232,0
DA:233,0
DA:236,0
DA:237,0
DA:241,0
DA:242,0
DA:243,0
DA:244,0
DA:248,0
DA:249,0
DA:251,0
DA:252,0
DA:253,0
DA:263,0
DA:266,0
DA:268,0
DA:269,0
DA:272,0
DA:275,1
LF:126
LH:4
BRDA:16,1,0,0
BRDA:16,1,1,0
BRDA:20,2,0,0
BRDA:20,2,1,0
BRDA:23,3,0,0
BRDA:23,3,1,0
BRDA:23,4,0,0
BRDA:23,4,1,0
BRDA:27,5,0,0
BRDA:27,5,1,0
BRDA:31,6,0,0
BRDA:31,6,1,0
BRDA:39,7,0,0
BRDA:39,7,1,0
BRDA:65,8,0,0
BRDA:65,8,1,0
BRDA:65,8,2,0
BRDA:65,8,3,0
BRDA:81,9,0,0
BRDA:81,9,1,0
BRDA:82,10,0,0
BRDA:82,10,1,0
BRDA:87,11,0,0
BRDA:87,11,1,0
BRDA:89,12,0,0
BRDA:89,12,1,0
BRDA:93,13,0,0
BRDA:93,13,1,0
BRDA:110,14,0,0
BRDA:110,14,1,0
BRDA:110,14,2,0
BRDA:110,14,3,0
BRDA:110,14,4,0
BRDA:137,15,0,0
BRDA:137,15,1,0
BRDA:137,15,2,0
BRDA:137,15,3,0
BRDA:137,15,4,0
BRDA:137,15,5,0
BRDA:155,16,0,0
BRDA:155,16,1,0
BRDA:155,17,0,0
BRDA:155,17,1,0
BRDA:184,18,0,0
BRDA:184,18,1,0
BRDA:189,19,0,0
BRDA:189,19,1,0
BRDA:192,20,0,0
BRDA:192,20,1,0
BRDA:193,21,0,0
BRDA:193,21,1,0
BRDA:212,22,0,0
BRDA:212,22,1,0
BRDA:216,23,0,0
BRDA:216,23,1,0
BRDA:220,24,0,0
BRDA:220,24,1,0
BRDA:228,25,0,0
BRDA:228,25,1,0
BRDA:232,26,0,0
BRDA:232,26,1,0
BRDA:232,27,0,0
BRDA:232,27,1,0
BRDA:236,28,0,0
BRDA:236,28,1,0
BRDA:236,29,0,0
BRDA:236,29,1,0
BRDA:241,30,0,0
BRDA:241,30,1,0
BRDA:241,31,0,0
BRDA:241,31,1,0
BRDA:241,31,2,0
BRDA:243,32,0,0
BRDA:243,32,1,0
BRDA:243,33,0,0
BRDA:243,33,1,0
BRDA:248,34,0,0
BRDA:248,34,1,0
BRDA:248,35,0,0
BRDA:248,35,1,0
BRDA:248,35,2,0
BRDA:251,36,0,0
BRDA:251,36,1,0
BRDA:251,37,0,0
BRDA:251,37,1,0
BRDA:251,37,2,0
BRDA:251,37,3,0
BRDA:252,38,0,0
BRDA:252,38,1,0
BRDA:268,39,0,0
BRDA:268,39,1,0
BRF:91
BRH:0
end_of_record
TN:
SF:/Users/doronnahum/myProjects/packages/feathers-mongoose-casl-pacakge/lib/src/hooks/abilities/helpers/defineAbilities.js
FN:6,defineAbilities
FNF:1
FNH:0
FNDA:0,defineAbilities
DA:1,1
DA:2,1
DA:3,1
DA:4,1
DA:6,1
DA:7,0
DA:8,0
DA:18,0
DA:32,0
DA:33,0
DA:34,0
DA:43,0
DA:44,0
DA:45,0
DA:54,0
DA:55,0
DA:56,0
DA:72,0
DA:77,0
DA:79,0
DA:80,0
DA:84,1
LF:22
LH:6
BRDA:32,1,0,0
BRDA:32,1,1,0
BRDA:33,2,0,0
BRDA:33,2,1,0
BRDA:43,3,0,0
BRDA:43,3,1,0
BRDA:44,4,0,0
BRDA:44,4,1,0
BRDA:54,5,0,0
BRDA:54,5,1,0
BRDA:55,6,0,0
BRDA:55,6,1,0
BRF:12
BRH:0
end_of_record
TN:
SF:/Users/doronnahum/myProjects/packages/feathers-mongoose-casl-pacakge/lib/src/hooks/abilities/helpers/hanldeRule.js
FN:5,(anonymous_1)
FN:31,(anonymous_2)
FNF:2
FNH:0
FNDA:0,(anonymous_1)
FNDA:0,(anonymous_2)
DA:1,1
DA:2,1
DA:3,1
DA:5,1
DA:31,0
DA:32,0
DA:39,0
DA:44,0
DA:50,0
DA:54,0
DA:60,0
DA:61,0
DA:70,0
DA:71,0
DA:72,0
DA:73,0
DA:81,0
DA:82,0
DA:84,0
DA:87,0
LF:20
LH:4
BRDA:39,1,0,0
BRDA:39,1,1,0
BRDA:39,2,0,0
BRDA:39,2,1,0
BRDA:44,3,0,0
BRDA:44,3,1,0
BRDA:44,4,0,0
BRDA:44,4,1,0
BRDA:44,4,2,0
BRDA:44,4,3,0
BRDA:50,5,0,0
BRDA:50,5,1,0
BRDA:50,6,0,0
BRDA:50,6,1,0
BRDA:50,6,2,0
BRDA:54,7,0,0
BRDA:54,7,1,0
BRDA:60,8,0,0
BRDA:60,8,1,0
BRDA:60,9,0,0
BRDA:60,9,1,0
BRDA:70,10,0,0
BRDA:70,10,1,0
BRDA:70,11,0,0
BRDA:70,11,1,0
BRDA:70,11,2,0
BRDA:72,12,0,0
BRDA:72,12,1,0
BRDA:81,13,0,0
BRDA:81,13,1,0
BRF:30
BRH:0
end_of_record
TN:
SF:/Users/doronnahum/myProjects/packages/feathers-mongoose-casl-pacakge/lib/src/utils/pick.js
FN:26,(anonymous_1)
FN:31,(anonymous_2)
FN:110,(anonymous_3)
FNF:3
FNH:0
FNDA:0,(anonymous_1)
FNDA:0,(anonymous_2)
FNDA:0,(anonymous_3)
DA:1,1
DA:2,1
DA:3,1
DA:4,1
DA:26,1
DA:27,0
DA:28,0
DA:31,1
DA:32,0
DA:33,0
DA:34,0
DA:35,0
DA:36,0
DA:37,0
DA:38,0
DA:39,0
DA:40,0
DA:42,0
DA:43,0
DA:44,0
DA:45,0
DA:46,0
DA:48,0
DA:49,0
DA:50,0
DA:51,0
DA:53,0
DA:55,0
DA:57,0
DA:58,0
DA:59,0
DA:60,0
DA:61,0
DA:63,0
DA:66,0
DA:68,0
DA:71,0
DA:110,1
DA:111,0
DA:112,0
DA:113,0
DA:121,0
DA:122,0
DA:123,0
DA:125,0
DA:126,0
DA:128,0
DA:129,0
DA:130,0
DA:132,0
DA:133,0
DA:134,0
DA:137,0
DA:138,0
DA:139,0
DA:140,0
DA:141,0
DA:146,0
DA:149,1
LF:59
LH:8
BRDA:37,1,0,0
BRDA:37,1,1,0
BRDA:39,2,0,0
BRDA:39,2,1,0
BRDA:43,3,0,0
BRDA:43,3,1,0
BRDA:48,4,0,0
BRDA:48,4,1,0
BRDA:48,5,0,0
BRDA:48,5,1,0
BRDA:50,6,0,0
BRDA:50,6,1,0
BRDA:57,7,0,0
BRDA:57,7,1,0
BRDA:59,8,0,0
BRDA:59,8,1,0
BRDA:60,9,0,0
BRDA:60,9,1,0
BRDA:121,10,0,0
BRDA:121,10,1,0
BRDA:122,11,0,0
BRDA:122,11,1,0
BRDA:125,12,0,0
BRDA:125,12,1,0
BRDA:128,13,0,0
BRDA:128,13,1,0
BRDA:129,14,0,0
BRDA:129,14,1,0
BRDA:132,15,0,0
BRDA:132,15,1,0
BRDA:134,16,0,0
BRDA:134,16,1,0
BRDA:134,17,0,0
BRDA:134,17,1,0
BRDA:137,18,0,0
BRDA:137,18,1,0
BRDA:140,19,0,0
BRDA:140,19,1,0
BRDA:141,20,0,0
BRDA:141,20,1,0
BRDA:141,21,0,0
BRDA:141,21,1,0
BRF:42
BRH:0
end_of_record
TN:
SF:/Users/doronnahum/myProjects/packages/feathers-mongoose-casl-pacakge/lib/src/services/dashboard/dashboard.service.js
FN:11,(anonymous_1)
FNF:1
FNH:0
FNDA:0,(anonymous_1)
DA:8,1
DA:9,1
DA:11,1
DA:12,0
DA:14,0
DA:20,0
DA:23,0
DA:25,0
LF:8
LH:3
BRF:0
BRH:0
end_of_record
TN:
SF:/Users/doronnahum/myProjects/packages/feathers-mongoose-casl-pacakge/lib/src/services/dashboard/dashboard.hooks.js
FNF:0
FNH:0
DA:1,1
LF:1
LH:1
BRF:0
BRH:0
end_of_record
TN:
SF:/Users/doronnahum/myProjects/packages/feathers-mongoose-casl-pacakge/lib/src/services/authmanagement/authmanagement.service.js
FN:9,(anonymous_1)
FNF:1
FNH:0
FNDA:0,(anonymous_1)
DA:2,1
DA:3,1
DA:4,1
DA:5,1
DA:6,1
DA:7,1
DA:9,1
DA:11,0
DA:30,0
DA:31,0
DA:37,0
DA:40,0
LF:12
LH:7
BRF:0
BRH:0
end_of_record
TN:
SF:/Users/doronnahum/myProjects/packages/feathers-mongoose-casl-pacakge/lib/src/services/authmanagement/authmanagement.hooks.js
FNF:0
FNH:0
DA:2,1
DA:3,1
DA:4,1
DA:5,1
DA:6,1
DA:7,1
DA:10,1
LF:7
LH:7
BRF:0
BRH:0
end_of_record
TN:
SF:/Users/doronnahum/myProjects/packages/feathers-mongoose-casl-pacakge/lib/src/services/authmanagement/notifier/index.js
FN:9,(anonymous_1)
FN:13,(anonymous_2)
FNF:2
FNH:0
FNDA:0,(anonymous_1)
FNDA:0,(anonymous_2)
DA:2,1
DA:3,1
DA:4,1
DA:5,1
DA:6,1
DA:7,1
DA:9,1
DA:10,0
DA:12,0
DA:14,0
DA:16,0
DA:18,0
DA:20,0
DA:22,0
DA:24,0
DA:26,0
DA:28,0
LF:17
LH:7
BRDA:14,1,0,0
BRDA:14,1,1,0
BRDA:14,1,2,0
BRDA:14,1,3,0
BRDA:14,1,4,0
BRDA:14,1,5,0
BRDA:14,1,6,0
BRF:7
BRH:0
end_of_record
TN:
SF:/Users/doronnahum/myProjects/packages/feathers-mongoose-casl-pacakge/lib/src/services/authmanagement/notifier/resendVerifySignup.js
FN:7,resendVerifySignup
FNF:1
FNH:0
FNDA:0,resendVerifySignup
DA:1,1
DA:2,1
DA:3,1
DA:4,1
DA:5,1
DA:7,1
DA:8,0
DA:9,0
DA:10,0
DA:11,0
DA:12,0
DA:13,0
DA:14,0
DA:15,0
DA:16,0
DA:27,0
DA:28,0
DA:29,0
DA:35,0
DA:36,0
DA:37,0
DA:44,0
LF:22
LH:6
BRDA:18,1,0,0
BRDA:18,1,1,0
BRDA:22,2,0,0
BRDA:22,2,1,0
BRDA:22,3,0,0
BRDA:22,3,1,0
BRDA:27,4,0,0
BRDA:27,4,1,0
BRDA:28,5,0,0
BRDA:28,5,1,0
BRF:10
BRH:0
end_of_record
TN:
SF:/Users/doronnahum/myProjects/packages/feathers-mongoose-casl-pacakge/lib/src/services/authmanagement/notifier/getLink.js
FN:3,getLink
FNF:1
FNH:0
FNDA:0,getLink
DA:1,1
DA:3,1
DA:4,0
DA:5,0
DA:6,0
DA:7,0
DA:8,0
DA:9,0
DA:10,0
DA:11,0
DA:13,0
DA:14,0
LF:12
LH:2
BRDA:5,1,0,0
BRDA:5,1,1,0
BRDA:5,2,0,0
BRDA:5,2,1,0
BRDA:6,3,0,0
BRDA:6,3,1,0
BRDA:8,4,0,0
BRDA:8,4,1,0
BRDA:9,5,0,0
BRDA:9,5,1,0
BRDA:11,6,0,0
BRDA:11,6,1,0
BRDA:13,7,0,0
BRDA:13,7,1,0
BRF:14
BRH:0
end_of_record
TN:
SF:/Users/doronnahum/myProjects/packages/feathers-mongoose-casl-pacakge/lib/src/services/authmanagement/notifier/sendEmail.js
FN:3,sendEmail
FN:5,(anonymous_2)
FNF:2
FNH:0
FNDA:0,sendEmail
FNDA:0,(anonymous_2)
DA:1,1
DA:2,1
DA:3,1
DA:4,0
DA:5,0
DA:6,0
DA:8,0
DA:9,0
LF:8
LH:3
BRF:0
BRH:0
end_of_record
TN:
SF:/Users/doronnahum/myProjects/packages/feathers-mongoose-casl-pacakge/lib/src/services/authmanagement/notifier/util.js
FN:1,(anonymous_1)
FN:8,(anonymous_2)
FNF:2
FNH:0
FNDA:0,(anonymous_1)
FNDA:0,(anonymous_2)
DA:1,1
DA:2,0
DA:3,0
DA:4,0
DA:5,0
DA:8,1
DA:9,0
DA:27,1
LF:8
LH:3
BRDA:3,1,0,0
BRDA:3,1,1,0
BRDA:4,2,0,0
BRDA:4,2,1,0
BRDA:4,2,2,0
BRF:5
BRH:0
end_of_record
TN:
SF:/Users/doronnahum/myProjects/packages/feathers-mongoose-casl-pacakge/lib/src/services/authmanagement/notifier/verifySignup.js
FN:7,verifySignup
FNF:1
FNH:0
FNDA:0,verifySignup
DA:1,1
DA:2,1
DA:3,1
DA:4,1
DA:5,1
DA:6,1
DA:7,1
DA:8,0
DA:9,0
DA:10,0
DA:11,0
DA:12,0
DA:13,0
DA:14,0
DA:15,0
DA:16,0
DA:17,0
DA:29,0
DA:30,0
DA:31,0
DA:37,0
DA:38,0
DA:39,0
DA:46,0
LF:24
LH:7
BRDA:19,1,0,0
BRDA:19,1,1,0
BRDA:23,2,0,0
BRDA:23,2,1,0
BRDA:23,3,0,0
BRDA:23,3,1,0
BRDA:29,4,0,0
BRDA:29,4,1,0
BRDA:30,5,0,0
BRDA:30,5,1,0
BRF:10
BRH:0
end_of_record
TN:
SF:/Users/doronnahum/myProjects/packages/feathers-mongoose-casl-pacakge/lib/src/services/authmanagement/notifier/sendResetPwd.js
FN:7,sendResetPwd
FNF:1
FNH:0
FNDA:0,sendResetPwd
DA:1,1
DA:2,1
DA:3,1
DA:4,1
DA:5,1
DA:7,1
DA:8,0
DA:9,0
DA:10,0
DA:11,0
DA:12,0
DA:13,0
DA:14,0
DA:15,0
DA:16,0
DA:27,0
DA:28,0
DA:29,0
DA:35,0
DA:36,0
DA:37,0
DA:44,0
LF:22
LH:6
BRDA:18,1,0,0
BRDA:18,1,1,0
BRDA:22,2,0,0
BRDA:22,2,1,0
BRDA:22,3,0,0
BRDA:22,3,1,0
BRDA:27,4,0,0
BRDA:27,4,1,0
BRDA:28,5,0,0
BRDA:28,5,1,0
BRF:10
BRH:0
end_of_record
TN:
SF:/Users/doronnahum/myProjects/packages/feathers-mongoose-casl-pacakge/lib/src/services/authmanagement/notifier/resetPwd.js
FN:7,resetPwd
FNF:1
FNH:0
FNDA:0,resetPwd
DA:1,1
DA:2,1
DA:3,1
DA:4,1
DA:5,1
DA:7,1
DA:8,0
DA:9,0
DA:10,0
DA:11,0
DA:12,0
DA:13,0
DA:14,0
DA:15,0
DA:16,0
DA:17,0
DA:29,0
DA:30,0
DA:31,0
DA:37,0
DA:38,0
DA:39,0
DA:46,0
LF:23
LH:6
BRDA:19,1,0,0
BRDA:19,1,1,0
BRDA:23,2,0,0
BRDA:23,2,1,0
BRDA:23,3,0,0
BRDA:23,3,1,0
BRDA:29,4,0,0
BRDA:29,4,1,0
BRDA:30,5,0,0
BRDA:30,5,1,0
BRF:10
BRH:0
end_of_record
TN:
SF:/Users/doronnahum/myProjects/packages/feathers-mongoose-casl-pacakge/lib/src/services/authmanagement/notifier/passwordChange.js
FN:6,passwordChange
FNF:1
FNH:0
FNDA:0,passwordChange
DA:1,1
DA:2,1
DA:3,1
DA:4,1
DA:6,1
DA:7,0
DA:8,0
DA:9,0
DA:10,0
DA:11,0
DA:12,0
DA:13,0
DA:14,0
DA:15,0
DA:26,0
DA:27,0
DA:28,0
DA:34,0
DA:35,0
DA:36,0
DA:43,0
LF:21
LH:5
BRDA:17,1,0,0
BRDA:17,1,1,0
BRDA:21,2,0,0
BRDA:21,2,1,0
BRDA:21,3,0,0
BRDA:21,3,1,0
BRDA:26,4,0,0
BRDA:26,4,1,0
BRDA:27,5,0,0
BRDA:27,5,1,0
BRF:10
BRH:0
end_of_record
TN:
SF:/Users/doronnahum/myProjects/packages/feathers-mongoose-casl-pacakge/lib/src/services/authmanagement/notifier/identityChange.js
FN:7,identityChange
FNF:1
FNH:0
FNDA:0,identityChange
DA:1,1
DA:2,1
DA:3,1
DA:4,1
DA:5,1
DA:7,1
DA:8,0
DA:9,0
DA:10,0
DA:11,0
DA:12,0
DA:13,0
DA:14,0
DA:15,0
DA:16,0
DA:17,0
DA:30,0
DA:31,0
DA:32,0
DA:38,0
DA:39,0
DA:40,0
DA:47,0
LF:23
LH:6
BRDA:19,1,0,0
BRDA:19,1,1,0
BRDA:23,2,0,0
BRDA:23,2,1,0
BRDA:23,3,0,0
BRDA:23,3,1,0
BRDA:30,4,0,0
BRDA:30,4,1,0
BRDA:31,5,0,0
BRDA:31,5,1,0
BRF:10
BRH:0
end_of_record
TN:
SF:/Users/doronnahum/myProjects/packages/feathers-mongoose-casl-pacakge/lib/src/utils/swaggerSchemaExamples.js
FNF:0
FNH:0
DA:1,1
DA:39,1
DA:177,1
LF:3
LH:3
BRF:0
BRH:0
end_of_record
TN:
SF:/Users/doronnahum/myProjects/packages/feathers-mongoose-casl-pacakge/lib/src/utils/swaggerServiceConfiguration.js
FN:9,(anonymous_1)
FNF:1
FNH:0
FNDA:0,(anonymous_1)
DA:9,1
DA:10,0
DA:16,0
DA:17,0
DA:19,0
DA:20,0
DA:21,0
DA:23,0
DA:24,0
DA:25,0
DA:26,0
DA:28,0
DA:29,0
DA:31,0
DA:32,0
DA:35,1
LF:16
LH:2
BRDA:16,1,0,0
BRDA:16,1,1,0
BRDA:16,2,0,0
BRDA:16,2,1,0
BRDA:19,3,0,0
BRDA:19,3,1,0
BRDA:19,4,0,0
BRDA:19,4,1,0
BRDA:24,5,0,0
BRDA:24,5,1,0
BRDA:25,6,0,0
BRDA:25,6,1,0
BRDA:28,7,0,0
BRDA:28,7,1,0
BRF:14
BRH:0
end_of_record
TN:
SF:/Users/doronnahum/myProjects/packages/feathers-mongoose-casl-pacakge/lib/src/services/users/users.service.js
FN:10,(anonymous_1)
FNF:1
FNH:0
FNDA:0,(anonymous_1)
DA:2,1
DA:3,1
DA:6,1
DA:10,1
DA:11,0
DA:12,0
DA:14,0
DA:30,0
DA:31,0
DA:33,0
DA:34,0
LF:11
LH:4
BRF:0
BRH:0
end_of_record
TN:
SF:/Users/doronnahum/myProjects/packages/feathers-mongoose-casl-pacakge/lib/src/services/users/uses.model.js
FN:13,(anonymous_1)
FNF:1
FNH:0
FNDA:0,(anonymous_1)
DA:6,1
DA:9,1
DA:13,1
DA:14,0
LF:4
LH:3
BRF:0
BRH:0
end_of_record
TN:
SF:/Users/doronnahum/myProjects/packages/feathers-mongoose-casl-pacakge/lib/src/services/users/users.validators.js
FN:7,(anonymous_1)
FNF:1
FNH:0
FNDA:0,(anonymous_1)
DA:3,1
DA:7,1
DA:8,0
DA:9,0
DA:26,1
LF:5
LH:3
BRDA:8,1,0,0
BRDA:8,1,1,0
BRF:2
BRH:0
end_of_record
TN:
SF:/Users/doronnahum/myProjects/packages/feathers-mongoose-casl-pacakge/lib/src/utils/joi.js
FNF:0
FNH:0
DA:5,1
DA:7,1
DA:9,1
LF:3
LH:3
BRF:0
BRH:0
end_of_record
TN:
SF:/Users/doronnahum/myProjects/packages/feathers-mongoose-casl-pacakge/lib/src/utils/createModelFromJoi.js
FN:36,(anonymous_1)
FN:96,(anonymous_2)
FNF:2
FNH:0
FNDA:0,(anonymous_1)
FNDA:0,(anonymous_2)
DA:2,1
DA:3,1
DA:4,1
DA:5,1
DA:36,1
DA:37,0
DA:46,0
DA:53,0
DA:58,0
DA:66,0
DA:67,0
DA:77,0
DA:82,0
DA:91,0
DA:96,0
DA:97,0
DA:98,0
DA:99,0
DA:105,0
DA:108,1
LF:20
LH:6
BRDA:53,1,0,0
BRDA:53,1,1,0
BRDA:58,2,0,0
BRDA:58,2,1,0
BRDA:66,3,0,0
BRDA:66,3,1,0
BRF:6
BRH:0
end_of_record
TN:
SF:/Users/doronnahum/myProjects/packages/feathers-mongoose-casl-pacakge/lib/src/utils/createService.js
FN:12,(anonymous_1)
FNF:1
FNH:0
FNDA:0,(anonymous_1)
DA:2,1
DA:12,1
DA:13,0
DA:14,0
DA:16,0
DA:17,0
DA:20,1
LF:7
LH:3
BRDA:13,1,0,0
BRDA:13,1,1,0
BRDA:13,2,0,0
BRDA:13,2,1,0
BRF:4
BRH:0
end_of_record
TN:
SF:/Users/doronnahum/myProjects/packages/feathers-mongoose-casl-pacakge/lib/src/services/me/me.hooks.js
FNF:0
FNH:0
DA:2,1
LF:1
LH:1
BRF:0
BRH:0
end_of_record
TN:
SF:/Users/doronnahum/myProjects/packages/feathers-mongoose-casl-pacakge/lib/src/services/rules/rules.service.js
FN:10,(anonymous_1)
FNF:1
FNH:0
FNDA:0,(anonymous_1)
DA:4,1
DA:6,1
DA:7,1
DA:8,1
DA:10,1
DA:11,0
DA:12,0
DA:13,0
DA:37,0
DA:38,0
DA:41,0
DA:42,0
DA:43,0
DA:47,0
DA:49,0
LF:15
LH:5
BRDA:41,1,0,0
BRDA:41,1,1,0
BRDA:41,2,0,0
BRDA:41,2,1,0
BRF:4
BRH:0
end_of_record
TN:
SF:/Users/doronnahum/myProjects/packages/feathers-mongoose-casl-pacakge/lib/src/services/rules/rules.model.js
FN:6,(anonymous_1)
FNF:1
FNH:0
FNDA:0,(anonymous_1)
DA:2,1
DA:3,1
DA:6,1
DA:7,0
LF:4
LH:3
BRF:0
BRH:0
end_of_record
TN:
SF:/Users/doronnahum/myProjects/packages/feathers-mongoose-casl-pacakge/lib/src/services/rules/rules.validators.js
FN:6,(anonymous_1)
FNF:1
FNH:0
FNDA:0,(anonymous_1)
DA:2,1
DA:3,1
DA:4,1
DA:6,1
DA:7,0
DA:8,0
DA:25,1
LF:7
LH:5
BRDA:7,1,0,0
BRDA:7,1,1,0
BRF:2
BRH:0
end_of_record
TN:
SF:/Users/doronnahum/myProjects/packages/feathers-mongoose-casl-pacakge/lib/src/services/rules/rules.hooks.js
FNF:0
FNH:0
DA:2,1
DA:3,1
DA:4,1
DA:9,1
LF:4
LH:4
BRF:0
BRH:0
end_of_record
TN:
SF:/Users/doronnahum/myProjects/packages/feathers-mongoose-casl-pacakge/lib/src/hooks/parseRules/index.js
FN:1,(anonymous_1)
FNF:1
FNH:0
FNDA:0,(anonymous_1)
DA:1,1
DA:3,0
DA:4,0
DA:5,0
DA:6,0
DA:7,0
DA:8,0
DA:9,0
DA:10,0
DA:11,0
DA:13,0
DA:14,0
DA:18,0
DA:19,0
DA:20,0
DA:21,0
DA:22,0
DA:24,0
DA:25,0
DA:29,0
DA:31,0
DA:33,0
LF:22
LH:1
BRDA:3,1,0,0
BRDA:3,1,1,0
BRDA:3,2,0,0
BRDA:3,2,1,0
BRDA:7,3,0,0
BRDA:7,3,1,0
BRDA:8,4,0,0
BRDA:8,4,1,0
BRDA:9,5,0,0
BRDA:9,5,1,0
BRDA:9,6,0,0
BRDA:9,6,1,0
BRDA:18,7,0,0
BRDA:18,7,1,0
BRDA:18,8,0,0
BRDA:18,8,1,0
BRDA:19,9,0,0
BRDA:19,9,1,0
BRDA:20,10,0,0
BRDA:20,10,1,0
BRDA:20,11,0,0
BRDA:20,11,1,0
BRDA:29,12,0,0
BRDA:29,12,1,0
BRF:24
BRH:0
end_of_record
TN:
SF:/Users/doronnahum/myProjects/packages/feathers-mongoose-casl-pacakge/lib/src/services/files/files.service.js
FN:11,(anonymous_1)
FNF:1
FNH:0
FNDA:0,(anonymous_1)
DA:3,1
DA:4,1
DA:5,1
DA:7,1
DA:8,1
DA:9,1
DA:11,1
DA:12,0
DA:13,0
DA:15,0
DA:24,0
DA:35,0
DA:37,0
LF:13
LH:7
BRDA:29,1,0,0
BRDA:29,1,1,0
BRF:2
BRH:0
end_of_record
TN:
SF:/Users/doronnahum/myProjects/packages/feathers-mongoose-casl-pacakge/lib/src/enums.js
FNF:0
FNH:0
DA:1,1
LF:1
LH:1
BRF:0
BRH:0
end_of_record
TN:
SF:/Users/doronnahum/myProjects/packages/feathers-mongoose-casl-pacakge/lib/src/services/files/files.model.js
FN:10,(anonymous_1)
FNF:1
FNH:0
FNDA:0,(anonymous_1)
DA:6,1
DA:7,1
DA:10,1
DA:11,0
LF:4
LH:3
BRF:0
BRH:0
end_of_record
TN:
SF:/Users/doronnahum/myProjects/packages/feathers-mongoose-casl-pacakge/lib/src/services/files/files.validators.js
FN:8,(anonymous_1)
FNF:1
FNH:0
FNDA:0,(anonymous_1)
DA:3,1
DA:4,1
DA:8,1
DA:9,0
DA:10,0
DA:35,1
LF:6
LH:4
BRDA:9,1,0,0
BRDA:9,1,1,0
BRF:2
BRH:0
end_of_record
TN:
SF:/Users/doronnahum/myProjects/packages/feathers-mongoose-casl-pacakge/lib/src/services/files/files.hooks.js
FNF:0
FNH:0
DA:2,1
DA:6,1
DA:15,1
LF:3
LH:3
BRF:0
BRH:0
end_of_record
TN:
SF:/Users/doronnahum/myProjects/packages/feathers-mongoose-casl-pacakge/lib/src/services/uploads/uploads.service.js
FN:10,(anonymous_1)
FNF:1
FNH:0
FNDA:0,(anonymous_1)
DA:3,1
DA:4,1
DA:5,1
DA:6,1
DA:7,1
DA:8,1
DA:10,1
DA:11,0
DA:12,0
DA:13,0
DA:14,0
DA:15,0
DA:16,0
DA:17,0
LF:14
LH:7
BRDA:14,1,0,0
BRDA:14,1,1,0
BRDA:15,2,0,0
BRDA:15,2,1,0
BRDA:16,3,0,0
BRDA:16,3,1,0
BRDA:17,4,0,0
BRDA:17,4,1,0
BRF:8
BRH:0
end_of_record
TN:
SF:/Users/doronnahum/myProjects/packages/feathers-mongoose-casl-pacakge/lib/src/services/uploads/uploads-s3.service.js
FN:7,(anonymous_1)
FNF:1
FNH:0
FNDA:0,(anonymous_1)
DA:2,1
DA:3,1
DA:4,1
DA:5,1
DA:7,1
DA:8,0
DA:12,0
DA:17,0
DA:22,0
DA:29,0
DA:31,0
LF:11
LH:5
BRDA:8,1,0,0
BRDA:8,1,1,0
BRDA:8,2,0,0
BRDA:8,2,1,0
BRF:4
BRH:0
end_of_record
TN:
SF:/Users/doronnahum/myProjects/packages/feathers-mongoose-casl-pacakge/lib/src/services/uploads/uploads.hooks.js
FN:13,(anonymous_1)
FNF:1
FNH:0
FNDA:0,(anonymous_1)
DA:2,1
DA:3,1
DA:4,1
DA:5,1
DA:7,1
DA:14,0
DA:16,0
DA:17,0
DA:19,0
DA:23,0
DA:24,0
DA:25,0
DA:26,0
DA:31,0
DA:32,0
DA:33,0
DA:34,0
DA:35,0
DA:36,0
LF:19
LH:5
BRDA:14,1,0,0
BRDA:14,1,1,0
BRDA:16,2,0,0
BRDA:16,2,1,0
BRDA:19,3,0,0
BRDA:19,3,1,0
BRDA:23,4,0,0
BRDA:23,4,1,0
BRDA:24,5,0,0
BRDA:24,5,1,0
BRDA:31,6,0,0
BRDA:31,6,1,0
BRDA:31,7,0,0
BRDA:31,7,1,0
BRDA:33,8,0,0
BRDA:33,8,1,0
BRDA:33,9,0,0
BRDA:33,9,1,0
BRF:18
BRH:0
end_of_record
TN:
SF:/Users/doronnahum/myProjects/packages/feathers-mongoose-casl-pacakge/lib/src/services/uploads/upload-local-private.service.js
FN:6,(anonymous_1)
FN:11,(anonymous_2)
FN:15,(anonymous_3)
FNF:3
FNH:0
FNDA:0,(anonymous_1)
FNDA:0,(anonymous_2)
FNDA:0,(anonymous_3)
DA:2,1
DA:3,1
DA:4,1
DA:6,1
DA:9,0
DA:10,0
DA:12,0
DA:13,0
DA:16,0
DA:17,0
DA:23,0
DA:24,0
LF:12
LH:4
BRF:0
BRH:0
end_of_record
TN:
SF:/Users/doronnahum/myProjects/packages/feathers-mongoose-casl-pacakge/lib/src/services/uploads/upload-local-public.service.js
FN:6,(anonymous_1)
FN:11,(anonymous_2)
FNF:2
FNH:0
FNDA:0,(anonymous_1)
FNDA:0,(anonymous_2)
DA:2,1
DA:3,1
DA:4,1
DA:6,1
DA:9,0
DA:10,0
DA:12,0
DA:13,0
DA:19,0
DA:20,0
LF:10
LH:4
BRF:0
BRH:0
end_of_record
TN:
SF:/Users/doronnahum/myProjects/packages/feathers-mongoose-casl-pacakge/lib/src/services/sms/sms.service.js
FN:5,(anonymous_1)
FNF:1
FNH:0
FNDA:0,(anonymous_1)
DA:2,1
DA:3,1
DA:5,1
DA:6,0
DA:7,0
DA:14,0
DA:16,0
DA:17,0
LF:8
LH:3
BRF:0
BRH:0
end_of_record
TN:
SF:/Users/doronnahum/myProjects/packages/feathers-mongoose-casl-pacakge/lib/src/services/sms/sms.hooks.js
FNF:0
FNH:0
DA:2,1
DA:4,1
LF:2
LH:2
BRF:0
BRH:0
end_of_record
TN:
SF:/Users/doronnahum/myProjects/packages/feathers-mongoose-casl-pacakge/lib/src/services/mailer/mailer.hooks.js
FNF:0
FNH:0
DA:2,1
DA:4,1
LF:2
LH:2
BRF:0
BRH:0
end_of_record
TN:
SF:/Users/doronnahum/myProjects/packages/feathers-mongoose-casl-pacakge/lib/src/authentication.js
FN:17,(anonymous_1)
FNF:1
FNH:0
FNDA:0,(anonymous_1)
DA:1,1
DA:2,1
DA:3,1
DA:4,1
DA:5,1
DA:6,1
DA:7,1
DA:8,1
DA:9,1
DA:11,1
DA:12,1
DA:17,1
DA:18,0
DA:19,0
DA:20,0
DA:23,0
DA:26,0
DA:28,0
DA:29,0
DA:31,0
DA:32,0
DA:38,0
DA:39,0
DA:45,0
DA:46,0
DA:52,0
DA:53,0
DA:62,0
LF:28
LH:12
BRDA:20,1,0,0
BRDA:20,1,1,0
BRDA:31,2,0,0
BRDA:31,2,1,0
BRDA:38,3,0,0
BRDA:38,3,1,0
BRDA:45,4,0,0
BRDA:45,4,1,0
BRDA:52,5,0,0
BRDA:52,5,1,0
BRDA:66,6,0,0
BRDA:66,6,1,0
BRF:12
BRH:0
end_of_record
TN:
SF:/Users/doronnahum/myProjects/packages/feathers-mongoose-casl-pacakge/lib/src/hooks/abilities/index.js
FNF:0
FNH:0
DA:1,1
DA:2,1
DA:3,1
DA:5,1
LF:4
LH:4
BRDA:5,1,0,0
BRDA:5,1,1,0
BRDA:5,1,2,0
BRF:3
BRH:0
end_of_record
TN:
SF:/Users/doronnahum/myProjects/packages/feathers-mongoose-casl-pacakge/lib/src/utils/filterPopulateByAbilities.js
FN:30,(anonymous_1)
FN:56,(anonymous_2)
FN:82,(anonymous_3)
FN:102,(anonymous_4)
FN:119,(anonymous_5)
FNF:5
FNH:0
FNDA:0,(anonymous_1)
FNDA:0,(anonymous_2)
FNDA:0,(anonymous_3)
FNDA:0,(anonymous_4)
FNDA:0,(anonymous_5)
DA:30,1
DA:31,0
DA:32,0
DA:33,0
DA:34,0
DA:36,0
DA:39,0
DA:41,0
DA:56,1
DA:57,0
DA:61,0
DA:62,0
DA:63,0
DA:64,0
DA:65,0
DA:66,0
DA:67,0
DA:69,0
DA:82,1
DA:83,0
DA:84,0
DA:85,0
DA:87,0
DA:102,1
DA:103,0
DA:104,0
DA:119,1
DA:120,0
DA:121,0
DA:125,0
DA:129,0
DA:137,0
DA:146,0
DA:147,0
DA:156,0
DA:166,0
DA:171,0
DA:175,0
DA:180,0
DA:189,0
DA:190,0
DA:195,0
DA:202,0
DA:210,0
DA:219,0
DA:220,0
DA:221,0
DA:224,0
DA:226,0
DA:229,1
LF:50
LH:6
BRDA:32,1,0,0
BRDA:32,1,1,0
BRDA:33,2,0,0
BRDA:33,2,1,0
BRDA:61,3,0,0
BRDA:61,3,1,0
BRDA:62,4,0,0
BRDA:62,4,1,0
BRDA:64,5,0,0
BRDA:64,5,1,0
BRDA:66,6,0,0
BRDA:66,6,1,0
BRDA:84,7,0,0
BRDA:84,7,1,0
BRDA:103,8,0,0
BRDA:103,8,1,0
BRDA:103,9,0,0
BRDA:103,9,1,0
BRDA:125,10,0,0
BRDA:125,10,1,0
BRDA:137,11,0,0
BRDA:137,11,1,0
BRDA:146,12,0,0
BRDA:146,12,1,0
BRDA:171,13,0,0
BRDA:171,13,1,0
BRDA:189,14,0,0
BRDA:189,14,1,0
BRDA:210,15,0,0
BRDA:210,15,1,0
BRDA:219,16,0,0
BRDA:219,16,1,0
BRDA:219,17,0,0
BRDA:219,17,1,0
BRDA:220,18,0,0
BRDA:220,18,1,0
BRF:36
BRH:0
end_of_record
TN:
SF:/Users/doronnahum/myProjects/packages/feathers-mongoose-casl-pacakge/lib/src/hooks/sanitizedData/index.js
FNF:0
FNH:0
DA:2,1
DA:3,1
DA:5,1
DA:10,1
LF:4
LH:4
BRF:0
BRH:0
end_of_record
TN:
SF:/Users/doronnahum/myProjects/packages/feathers-mongoose-casl-pacakge/lib/src/hooks/validateSchema/index.js
FNF:0
FNH:0
DA:2,1
DA:3,1
DA:4,1
DA:6,1
DA:7,0
DA:11,1
LF:6
LH:5
BRF:0
BRH:0
end_of_record
TN:
SF:/Users/doronnahum/myProjects/packages/feathers-mongoose-casl-pacakge/lib/src/hooks/getUserFromParams/index.js
FN:1,(anonymous_1)
FNF:1
FNH:0
FNDA:0,(anonymous_1)
DA:1,1
DA:2,0
DA:3,0
DA:4,0
LF:4
LH:1
BRDA:2,1,0,0
BRDA:2,1,1,0
BRDA:3,2,0,0
BRDA:3,2,1,0
BRDA:4,3,0,0
BRDA:4,3,1,0
BRF:6
BRH:0
end_of_record
TN:
SF:/Users/doronnahum/myProjects/packages/feathers-mongoose-casl-pacakge/lib/src/hooks/authenticate/index.js
FNF:0
FNH:0
DA:1,1
DA:2,1
DA:4,1
DA:5,0
DA:13,1
LF:5
LH:4
BRDA:6,1,0,0
BRDA:6,1,1,0
BRDA:6,1,2,0
BRF:3
BRH:0
end_of_record
TN:
SF:/Users/doronnahum/myProjects/packages/feathers-mongoose-casl-pacakge/lib/src/hooks/errorHandler/errorHandler.js
FN:3,(anonymous_1)
FNF:1
FNH:1
FNDA:1,(anonymous_1)
DA:1,1
DA:3,1
DA:4,1
DA:5,0
DA:6,0
DA:7,0
DA:8,0
DA:9,0
DA:10,0
DA:12,0
DA:13,0
DA:15,0
DA:20,1
LF:13
LH:4
BRDA:5,1,0,0
BRDA:5,1,1,0
BRDA:7,2,0,0
BRDA:7,2,1,0
BRDA:12,3,0,0
BRDA:12,3,1,0
BRDA:12,4,0,0
BRDA:12,4,1,0
BRF:8
BRH:0
end_of_record
TN:
SF:/Users/doronnahum/myProjects/packages/feathers-mongoose-casl-pacakge/lib/src/utils/modelToSwagger.js
FN:3,(anonymous_1)
FNF:1
FNH:0
FNDA:0,(anonymous_1)
DA:1,1
DA:3,1
DA:4,0
DA:5,0
DA:15,0
DA:16,0
DA:17,0
DA:18,0
DA:25,0
LF:9
LH:2
BRDA:16,1,0,0
BRDA:16,1,1,0
BRDA:20,2,0,0
BRDA:20,2,1,0
BRF:4
BRH:0
end_of_record
TN:
SF:/Users/doronnahum/myProjects/packages/feathers-mongoose-casl-pacakge/example/src/middleware/index.js
FN:2,(anonymous_1)
FNF:1
FNH:0
FNDA:0,(anonymous_1)
DA:2,1
LF:1
LH:1
BRF:0
BRH:0
end_of_record
TN:
SF:/Users/doronnahum/myProjects/packages/feathers-mongoose-casl-pacakge/example/src/services/index.js
FN:5,(anonymous_1)
FNF:1
FNH:0
FNDA:0,(anonymous_1)
DA:2,1
DA:5,1
DA:7,0
DA:8,0
DA:9,0
DA:10,0
DA:11,0
DA:12,0
DA:13,0
DA:14,0
DA:15,0
DA:16,0
LF:12
LH:2
BRF:0
BRH:0
end_of_record
TN:
SF:/Users/doronnahum/myProjects/packages/feathers-mongoose-casl-pacakge/example/src/app.hooks.js
FNF:0
FNH:0
DA:1,1
DA:2,1
DA:4,1
LF:3
LH:3
BRF:0
BRH:0
end_of_record
TN:
SF:/Users/doronnahum/myProjects/packages/feathers-mongoose-casl-pacakge/example/src/hooks/log.js
FN:10,(anonymous_1)
FNF:1
FNH:1
FNDA:3,(anonymous_1)
DA:4,1
DA:5,1
DA:10,1
DA:11,3
DA:14,0
DA:16,0
DA:17,0
DA:20,0
DA:21,0
LF:9
LH:4
BRDA:16,1,0,0
BRDA:16,1,1,0
BRDA:16,2,0,0
BRDA:16,2,1,0
BRDA:20,3,0,0
BRDA:20,3,1,0
BRDA:20,4,0,0
BRDA:20,4,1,0
BRF:8
BRH:0
end_of_record
TN:
SF:/Users/doronnahum/myProjects/packages/feathers-mongoose-casl-pacakge/example/src/channels.js
FN:1,(anonymous_1)
FNF:1
FNH:0
FNDA:0,(anonymous_1)
DA:1,1
DA:2,0
DA:4,0
DA:7,0
DA:9,0
DA:12,0
DA:15,0
DA:20,0
DA:23,0
DA:40,0
DA:44,0
DA:47,0
LF:12
LH:1
BRDA:2,1,0,0
BRDA:2,1,1,0
BRDA:15,2,0,0
BRDA:15,2,1,0
BRF:4
BRH:0
end_of_record
TN:
SF:/Users/doronnahum/myProjects/packages/feathers-mongoose-casl-pacakge/example/src/mongoose.js
FN:3,(anonymous_1)
FNF:1
FNH:0
FNDA:0,(anonymous_1)
DA:1,1
DA:3,1
DA:4,0
DA:8,0
DA:10,0
LF:5
LH:2
BRF:0
BRH:0
end_of_record
